0 verbose cli D:\nodejs\node.exe D:\nodejs\node_modules\npm\bin\npm-cli.js
1 info using npm@10.9.2
2 info using node@v22.15.0
3 silly config load:file:D:\nodejs\node_modules\npm\npmrc
4 silly config load:file:D:\Desktop\SE_task\.npmrc
5 silly config load:file:C:\Users\xiewei\.npmrc
6 silly config load:file:C:\Users\xiewei\AppData\Roaming\npm\etc\npmrc
7 verbose title npm install
8 verbose argv "install"
9 verbose logfile logs-max:10 dir:D:\Desktop\SE_task\.npm-cache\_logs\2026-04-08T11_27_28_105Z-
10 verbose logfile D:\Desktop\SE_task\.npm-cache\_logs\2026-04-08T11_27_28_105Z-debug-0.log
11 silly logfile done cleaning log files
12 silly packumentCache heap:4345298944 maxSize:1086324736 maxEntrySize:543162368
13 silly idealTree buildDeps
14 silly fetch manifest react@^18.0.0
15 silly packumentCache full:https://registry.npmjs.org/react cache-miss
16 http fetch GET 200 https://registry.npmjs.org/react 619ms (cache miss)
17 silly packumentCache full:https://registry.npmjs.org/react set size:undefined disposed:false
18 silly fetch manifest react-dom@^18.0.0
19 silly packumentCache full:https://registry.npmjs.org/react-dom cache-miss
20 http fetch GET 200 https://registry.npmjs.org/react-dom 202ms (cache miss)
21 silly packumentCache full:https://registry.npmjs.org/react-dom set size:undefined disposed:false
22 silly fetch manifest react-router-dom@^6.0.0
23 silly packumentCache full:https://registry.npmjs.org/react-router-dom cache-miss
24 http fetch GET 200 https://registry.npmjs.org/react-router-dom 131ms (cache miss)
25 silly packumentCache full:https://registry.npmjs.org/react-router-dom set size:undefined disposed:false
26 silly fetch manifest @types/react@^18.0.0
27 silly packumentCache full:https://registry.npmjs.org/@types%2freact cache-miss
28 http fetch GET 200 https://registry.npmjs.org/@types%2freact 131ms (cache miss)
29 silly packumentCache full:https://registry.npmjs.org/@types%2freact set size:undefined disposed:false
30 silly fetch manifest @types/react-dom@^18.0.0
31 silly packumentCache full:https://registry.npmjs.org/@types%2freact-dom cache-miss
32 http fetch GET 200 https://registry.npmjs.org/@types%2freact-dom 111ms (cache miss)
33 silly packumentCache full:https://registry.npmjs.org/@types%2freact-dom set size:undefined disposed:false
34 silly fetch manifest @vitejs/plugin-react-swc@^3.0.0
35 silly packumentCache full:https://registry.npmjs.org/@vitejs%2fplugin-react-swc cache-miss
36 http fetch GET 200 https://registry.npmjs.org/@vitejs%2fplugin-react-swc 965ms (cache miss)
37 silly packumentCache full:https://registry.npmjs.org/@vitejs%2fplugin-react-swc set size:undefined disposed:false
38 silly fetch manifest vite@^5.0.0
39 silly packumentCache full:https://registry.npmjs.org/vite cache-miss
40 http fetch GET 200 https://registry.npmjs.org/vite 768ms (cache miss)
41 silly packumentCache full:https://registry.npmjs.org/vite set size:undefined disposed:false
42 silly fetch manifest @types/node@^18.0.0 || >=20.0.0
43 silly packumentCache full:https://registry.npmjs.org/@types%2fnode cache-miss
44 http fetch GET 200 https://registry.npmjs.org/@types%2fnode 410ms (cache miss)
45 silly packumentCache full:https://registry.npmjs.org/@types%2fnode set size:undefined disposed:false
46 silly fetch manifest less@*
47 silly packumentCache full:https://registry.npmjs.org/less cache-miss
48 http fetch GET 200 https://registry.npmjs.org/less 112ms (cache miss)
49 silly packumentCache full:https://registry.npmjs.org/less set size:undefined disposed:false
50 silly fetch manifest lightningcss@^1.21.0
51 silly packumentCache full:https://registry.npmjs.org/lightningcss cache-miss
52 http fetch GET 200 https://registry.npmjs.org/lightningcss 146ms (cache miss)
53 silly packumentCache full:https://registry.npmjs.org/lightningcss set size:undefined disposed:false
54 silly fetch manifest sass@*
55 silly packumentCache full:https://registry.npmjs.org/sass cache-miss
56 http fetch GET 200 https://registry.npmjs.org/sass 98ms (cache miss)
57 silly packumentCache full:https://registry.npmjs.org/sass set size:undefined disposed:false
58 silly fetch manifest sass-embedded@*
59 silly packumentCache full:https://registry.npmjs.org/sass-embedded cache-miss
60 http fetch GET 200 https://registry.npmjs.org/sass-embedded 90ms (cache miss)
61 silly packumentCache full:https://registry.npmjs.org/sass-embedded set size:undefined disposed:false
62 silly fetch manifest stylus@*
63 silly packumentCache full:https://registry.npmjs.org/stylus cache-miss
64 http fetch GET 200 https://registry.npmjs.org/stylus 95ms (cache miss)
65 silly packumentCache full:https://registry.npmjs.org/stylus set size:undefined disposed:false
66 silly fetch manifest sugarss@*
67 silly packumentCache full:https://registry.npmjs.org/sugarss cache-miss
68 http fetch GET 200 https://registry.npmjs.org/sugarss 126ms (cache miss)
69 silly packumentCache full:https://registry.npmjs.org/sugarss set size:undefined disposed:false
70 silly fetch manifest postcss@^8.3.3
71 silly packumentCache full:https://registry.npmjs.org/postcss cache-miss
72 http fetch GET 200 https://registry.npmjs.org/postcss 94ms (cache miss)
73 silly packumentCache full:https://registry.npmjs.org/postcss set size:undefined disposed:false
74 silly fetch manifest terser@^5.4.0
75 silly packumentCache full:https://registry.npmjs.org/terser cache-miss
76 http fetch GET 200 https://registry.npmjs.org/terser 91ms (cache miss)
77 silly packumentCache full:https://registry.npmjs.org/terser set size:undefined disposed:false
78 silly fetch manifest typescript@^5.0.0
79 silly packumentCache full:https://registry.npmjs.org/typescript cache-miss
80 http fetch GET 200 https://registry.npmjs.org/typescript 255ms (cache miss)
81 silly packumentCache full:https://registry.npmjs.org/typescript set size:undefined disposed:false
82 silly placeDep ROOT @types/react@18.3.28 OK for: whu-treehole@0.1.0 want: ^18.0.0
83 silly placeDep ROOT @types/react-dom@18.3.7 OK for: whu-treehole@0.1.0 want: ^18.0.0
84 silly placeDep ROOT @vitejs/plugin-react-swc@3.11.0 OK for: whu-treehole@0.1.0 want: ^3.0.0
85 silly placeDep ROOT vite@5.4.21 OK for: @vitejs/plugin-react-swc@3.11.0 want: ^4 || ^5 || ^6 || ^7
86 silly placeDep ROOT react@18.3.1 OK for: whu-treehole@0.1.0 want: ^18.0.0
87 silly placeDep ROOT react-dom@18.3.1 OK for: whu-treehole@0.1.0 want: ^18.0.0
88 silly placeDep ROOT react-router-dom@6.30.3 OK for: whu-treehole@0.1.0 want: ^6.0.0
89 silly placeDep ROOT typescript@5.9.3 OK for: whu-treehole@0.1.0 want: ^5.0.0
90 silly fetch manifest csstype@^3.2.2
91 silly packumentCache full:https://registry.npmjs.org/csstype cache-miss
92 silly fetch manifest @types/prop-types@*
93 silly packumentCache full:https://registry.npmjs.org/@types%2fprop-types cache-miss
94 silly fetch manifest @swc/core@^1.12.11
95 silly packumentCache full:https://registry.npmjs.org/@swc%2fcore cache-miss
96 silly fetch manifest @rolldown/pluginutils@1.0.0-beta.27
97 silly packumentCache full:https://registry.npmjs.org/@rolldown%2fpluginutils cache-miss
98 silly fetch manifest rollup@^4.20.0
99 silly packumentCache full:https://registry.npmjs.org/rollup cache-miss
100 silly fetch manifest esbuild@^0.21.3
101 silly packumentCache full:https://registry.npmjs.org/esbuild cache-miss
102 silly fetch manifest postcss@^8.4.43
103 silly packumentCache full:https://registry.npmjs.org/postcss cache-miss
104 silly fetch manifest fsevents@~2.3.3
105 silly packumentCache full:https://registry.npmjs.org/fsevents cache-miss
106 silly fetch manifest loose-envify@^1.1.0
107 silly packumentCache full:https://registry.npmjs.org/loose-envify cache-miss
108 silly fetch manifest scheduler@^0.23.2
109 silly packumentCache full:https://registry.npmjs.org/scheduler cache-miss
110 silly fetch manifest loose-envify@^1.1.0
111 silly packumentCache full:https://registry.npmjs.org/loose-envify cache-miss
112 silly fetch manifest react-router@6.30.3
113 silly packumentCache full:https://registry.npmjs.org/react-router cache-miss
114 silly fetch manifest @remix-run/router@1.23.2
115 silly packumentCache full:https://registry.npmjs.org/@remix-run%2frouter cache-miss
116 http cache https://registry.npmjs.org/postcss 20ms (cache hit)
117 silly packumentCache full:https://registry.npmjs.org/postcss set size:705229 disposed:false
118 http fetch GET 200 https://registry.npmjs.org/csstype 106ms (cache miss)
119 silly packumentCache full:https://registry.npmjs.org/csstype set size:undefined disposed:false
120 http fetch GET 200 https://registry.npmjs.org/loose-envify 286ms (cache miss)
121 silly packumentCache full:https://registry.npmjs.org/loose-envify set size:undefined disposed:false
122 http fetch GET 200 https://registry.npmjs.org/loose-envify 287ms (cache miss)
123 silly packumentCache full:https://registry.npmjs.org/loose-envify set size:undefined disposed:false
124 http fetch GET 200 https://registry.npmjs.org/fsevents 289ms (cache miss)
125 silly packumentCache full:https://registry.npmjs.org/fsevents set size:undefined disposed:false
126 http fetch GET 200 https://registry.npmjs.org/@types%2fprop-types 296ms (cache miss)
127 silly packumentCache full:https://registry.npmjs.org/@types%2fprop-types set size:undefined disposed:false
128 http fetch GET 200 https://registry.npmjs.org/@rolldown%2fpluginutils 315ms (cache miss)
129 silly packumentCache full:https://registry.npmjs.org/@rolldown%2fpluginutils set size:undefined disposed:false
130 http fetch GET 200 https://registry.npmjs.org/@remix-run%2frouter 406ms (cache miss)
131 silly packumentCache full:https://registry.npmjs.org/@remix-run%2frouter set size:undefined disposed:false
132 http fetch GET 200 https://registry.npmjs.org/esbuild 464ms (cache miss)
133 silly packumentCache full:https://registry.npmjs.org/esbuild set size:undefined disposed:false
134 http fetch GET 200 https://registry.npmjs.org/@swc%2fcore 588ms (cache miss)
135 silly packumentCache full:https://registry.npmjs.org/@swc%2fcore set size:undefined disposed:false
136 http fetch GET 200 https://registry.npmjs.org/react-router 626ms (cache miss)
137 silly packumentCache full:https://registry.npmjs.org/react-router set size:undefined disposed:false
138 http fetch GET 200 https://registry.npmjs.org/rollup 646ms (cache miss)
139 silly packumentCache full:https://registry.npmjs.org/rollup set size:undefined disposed:false
140 http fetch GET 200 https://registry.npmjs.org/scheduler 721ms (cache miss)
141 silly packumentCache full:https://registry.npmjs.org/scheduler set size:undefined disposed:false
142 silly placeDep ROOT @types/prop-types@15.7.15 OK for: @types/react@18.3.28 want: *
143 silly placeDep ROOT csstype@3.2.3 OK for: @types/react@18.3.28 want: ^3.2.2
144 silly fetch manifest @swc/helpers@>=0.5.17
145 silly packumentCache full:https://registry.npmjs.org/@swc%2fhelpers cache-miss
146 http fetch GET 200 https://registry.npmjs.org/@swc%2fhelpers 127ms (cache miss)
147 silly packumentCache full:https://registry.npmjs.org/@swc%2fhelpers set size:undefined disposed:false
148 silly placeDep ROOT @rolldown/pluginutils@1.0.0-beta.27 OK for: @vitejs/plugin-react-swc@3.11.0 want: 1.0.0-beta.27
149 silly placeDep ROOT @swc/core@1.15.24 OK for: @vitejs/plugin-react-swc@3.11.0 want: ^1.12.11
150 silly fetch manifest @swc/counter@^0.1.3
151 silly packumentCache full:https://registry.npmjs.org/@swc%2fcounter cache-miss
152 silly fetch manifest @swc/types@^0.1.26
153 silly packumentCache full:https://registry.npmjs.org/@swc%2ftypes cache-miss
154 silly fetch manifest @swc/core-darwin-x64@1.15.24
155 silly packumentCache full:https://registry.npmjs.org/@swc%2fcore-darwin-x64 cache-miss
156 silly fetch manifest @swc/core-win32-x64-msvc@1.15.24
157 silly packumentCache full:https://registry.npmjs.org/@swc%2fcore-win32-x64-msvc cache-miss
158 silly fetch manifest @swc/core-linux-x64-gnu@1.15.24
159 silly packumentCache full:https://registry.npmjs.org/@swc%2fcore-linux-x64-gnu cache-miss
160 silly fetch manifest @swc/core-linux-ppc64-gnu@1.15.24
161 silly packumentCache full:https://registry.npmjs.org/@swc%2fcore-linux-ppc64-gnu cache-miss
162 silly fetch manifest @swc/core-linux-s390x-gnu@1.15.24
163 silly packumentCache full:https://registry.npmjs.org/@swc%2fcore-linux-s390x-gnu cache-miss
164 silly fetch manifest @swc/core-linux-x64-musl@1.15.24
165 silly packumentCache full:https://registry.npmjs.org/@swc%2fcore-linux-x64-musl cache-miss
166 silly fetch manifest @swc/core-win32-ia32-msvc@1.15.24
167 silly packumentCache full:https://registry.npmjs.org/@swc%2fcore-win32-ia32-msvc cache-miss
168 silly fetch manifest @swc/core-linux-arm-gnueabihf@1.15.24
169 silly packumentCache full:https://registry.npmjs.org/@swc%2fcore-linux-arm-gnueabihf cache-miss
170 silly fetch manifest @swc/core-darwin-arm64@1.15.24
171 silly packumentCache full:https://registry.npmjs.org/@swc%2fcore-darwin-arm64 cache-miss
172 silly fetch manifest @swc/core-linux-arm64-gnu@1.15.24
173 silly packumentCache full:https://registry.npmjs.org/@swc%2fcore-linux-arm64-gnu cache-miss
174 silly fetch manifest @swc/core-linux-arm64-musl@1.15.24
175 silly packumentCache full:https://registry.npmjs.org/@swc%2fcore-linux-arm64-musl cache-miss
176 silly fetch manifest @swc/core-win32-arm64-msvc@1.15.24
177 silly packumentCache full:https://registry.npmjs.org/@swc%2fcore-win32-arm64-msvc cache-miss
178 http fetch GET 200 https://registry.npmjs.org/@swc%2fcounter 108ms (cache miss)
179 silly packumentCache full:https://registry.npmjs.org/@swc%2fcounter set size:undefined disposed:false
180 http fetch GET 200 https://registry.npmjs.org/@swc%2ftypes 114ms (cache miss)
181 silly packumentCache full:https://registry.npmjs.org/@swc%2ftypes set size:undefined disposed:false
182 http fetch GET 200 https://registry.npmjs.org/@swc%2fcore-linux-arm64-gnu 132ms (cache miss)
183 silly packumentCache full:https://registry.npmjs.org/@swc%2fcore-linux-arm64-gnu set size:undefined disposed:false
184 http fetch GET 200 https://registry.npmjs.org/@swc%2fcore-darwin-arm64 209ms (cache miss)
185 silly packumentCache full:https://registry.npmjs.org/@swc%2fcore-darwin-arm64 set size:undefined disposed:false
186 http fetch GET 200 https://registry.npmjs.org/@swc%2fcore-linux-arm-gnueabihf 226ms (cache miss)
187 silly packumentCache full:https://registry.npmjs.org/@swc%2fcore-linux-arm-gnueabihf set size:undefined disposed:false
188 http fetch GET 200 https://registry.npmjs.org/@swc%2fcore-linux-x64-musl 243ms (cache miss)
189 silly packumentCache full:https://registry.npmjs.org/@swc%2fcore-linux-x64-musl set size:undefined disposed:false
190 http fetch GET 200 https://registry.npmjs.org/@swc%2fcore-win32-ia32-msvc 263ms (cache miss)
191 silly packumentCache full:https://registry.npmjs.org/@swc%2fcore-win32-ia32-msvc set size:undefined disposed:false
192 http fetch GET 200 https://registry.npmjs.org/@swc%2fcore-linux-s390x-gnu 297ms (cache miss)
193 silly packumentCache full:https://registry.npmjs.org/@swc%2fcore-linux-s390x-gnu set size:undefined disposed:false
194 http fetch GET 200 https://registry.npmjs.org/@swc%2fcore-linux-ppc64-gnu 305ms (cache miss)
195 silly packumentCache full:https://registry.npmjs.org/@swc%2fcore-linux-ppc64-gnu set size:undefined disposed:false
196 http fetch GET 200 https://registry.npmjs.org/@swc%2fcore-darwin-x64 334ms (cache miss)
197 silly packumentCache full:https://registry.npmjs.org/@swc%2fcore-darwin-x64 set size:undefined disposed:false
198 http fetch GET 200 https://registry.npmjs.org/@swc%2fcore-linux-x64-gnu 353ms (cache miss)
199 silly packumentCache full:https://registry.npmjs.org/@swc%2fcore-linux-x64-gnu set size:undefined disposed:false
200 http fetch GET 200 https://registry.npmjs.org/@swc%2fcore-win32-x64-msvc 387ms (cache miss)
201 silly packumentCache full:https://registry.npmjs.org/@swc%2fcore-win32-x64-msvc set size:undefined disposed:false
202 http fetch GET 200 https://registry.npmjs.org/@swc%2fcore-win32-arm64-msvc 633ms (cache miss)
203 silly packumentCache full:https://registry.npmjs.org/@swc%2fcore-win32-arm64-msvc set size:undefined disposed:false
204 http fetch GET 200 https://registry.npmjs.org/@swc%2fcore-linux-arm64-musl 650ms (cache miss)
205 silly packumentCache full:https://registry.npmjs.org/@swc%2fcore-linux-arm64-musl set size:undefined disposed:false
206 silly placeDep ROOT @swc/core-darwin-arm64@1.15.24 OK for: @swc/core@1.15.24 want: 1.15.24
207 silly placeDep ROOT @swc/core-darwin-x64@1.15.24 OK for: @swc/core@1.15.24 want: 1.15.24
208 silly placeDep ROOT @swc/core-linux-arm-gnueabihf@1.15.24 OK for: @swc/core@1.15.24 want: 1.15.24
209 silly placeDep ROOT @swc/core-linux-arm64-gnu@1.15.24 OK for: @swc/core@1.15.24 want: 1.15.24
210 silly placeDep ROOT @swc/core-linux-arm64-musl@1.15.24 OK for: @swc/core@1.15.24 want: 1.15.24
211 silly placeDep ROOT @swc/core-linux-ppc64-gnu@1.15.24 OK for: @swc/core@1.15.24 want: 1.15.24
212 silly placeDep ROOT @swc/core-linux-s390x-gnu@1.15.24 OK for: @swc/core@1.15.24 want: 1.15.24
213 silly placeDep ROOT @swc/core-linux-x64-gnu@1.15.24 OK for: @swc/core@1.15.24 want: 1.15.24
214 silly placeDep ROOT @swc/core-linux-x64-musl@1.15.24 OK for: @swc/core@1.15.24 want: 1.15.24
215 silly placeDep ROOT @swc/core-win32-arm64-msvc@1.15.24 OK for: @swc/core@1.15.24 want: 1.15.24
216 silly placeDep ROOT @swc/core-win32-ia32-msvc@1.15.24 OK for: @swc/core@1.15.24 want: 1.15.24
217 silly placeDep ROOT @swc/core-win32-x64-msvc@1.15.24 OK for: @swc/core@1.15.24 want: 1.15.24
218 silly placeDep ROOT @swc/counter@0.1.3 OK for: @swc/core@1.15.24 want: ^0.1.3
219 silly placeDep ROOT @swc/types@0.1.26 OK for: @swc/core@1.15.24 want: ^0.1.26
220 silly placeDep ROOT loose-envify@1.4.0 OK for: react@18.3.1 want: ^1.1.0
221 silly fetch manifest js-tokens@^3.0.0 || ^4.0.0
222 silly packumentCache full:https://registry.npmjs.org/js-tokens cache-miss
223 http fetch GET 200 https://registry.npmjs.org/js-tokens 92ms (cache miss)
224 silly packumentCache full:https://registry.npmjs.org/js-tokens set size:undefined disposed:false
225 silly placeDep ROOT js-tokens@4.0.0 OK for: loose-envify@1.4.0 want: ^3.0.0 || ^4.0.0
226 silly placeDep ROOT scheduler@0.23.2 OK for: react-dom@18.3.1 want: ^0.23.2
227 silly fetch manifest react@>=16.8
228 silly packumentCache full:https://registry.npmjs.org/react cache-miss
229 http cache https://registry.npmjs.org/react 14ms (cache hit)
230 silly packumentCache full:https://registry.npmjs.org/react set size:6585005 disposed:false
231 silly placeDep ROOT @remix-run/router@1.23.2 OK for: react-router-dom@6.30.3 want: 1.23.2
232 silly placeDep ROOT react-router@6.30.3 OK for: react-router-dom@6.30.3 want: 6.30.3
233 silly placeDep ROOT esbuild@0.21.5 OK for: vite@5.4.21 want: ^0.21.3
234 silly placeDep ROOT fsevents@2.3.3 OK for: vite@5.4.21 want: ~2.3.3
235 silly placeDep ROOT postcss@8.5.9 OK for: vite@5.4.21 want: ^8.4.43
236 silly placeDep ROOT rollup@4.60.1 OK for: vite@5.4.21 want: ^4.20.0
237 silly fetch manifest @esbuild/aix-ppc64@0.21.5
238 silly packumentCache full:https://registry.npmjs.org/@esbuild%2faix-ppc64 cache-miss
239 silly fetch manifest @esbuild/linux-arm@0.21.5
240 silly packumentCache full:https://registry.npmjs.org/@esbuild%2flinux-arm cache-miss
241 silly fetch manifest @esbuild/linux-x64@0.21.5
242 silly packumentCache full:https://registry.npmjs.org/@esbuild%2flinux-x64 cache-miss
243 silly fetch manifest @esbuild/sunos-x64@0.21.5
244 silly packumentCache full:https://registry.npmjs.org/@esbuild%2fsunos-x64 cache-miss
245 silly fetch manifest @esbuild/win32-x64@0.21.5
246 silly packumentCache full:https://registry.npmjs.org/@esbuild%2fwin32-x64 cache-miss
247 silly fetch manifest @esbuild/darwin-x64@0.21.5
248 silly packumentCache full:https://registry.npmjs.org/@esbuild%2fdarwin-x64 cache-miss
249 silly fetch manifest @esbuild/linux-ia32@0.21.5
250 silly packumentCache full:https://registry.npmjs.org/@esbuild%2flinux-ia32 cache-miss
251 silly fetch manifest @esbuild/netbsd-x64@0.21.5
252 silly packumentCache full:https://registry.npmjs.org/@esbuild%2fnetbsd-x64 cache-miss
253 silly fetch manifest @esbuild/win32-ia32@0.21.5
254 silly packumentCache full:https://registry.npmjs.org/@esbuild%2fwin32-ia32 cache-miss
255 silly fetch manifest @esbuild/android-arm@0.21.5
256 silly packumentCache full:https://registry.npmjs.org/@esbuild%2fandroid-arm cache-miss
257 silly fetch manifest @esbuild/android-x64@0.21.5
258 silly packumentCache full:https://registry.npmjs.org/@esbuild%2fandroid-x64 cache-miss
259 silly fetch manifest @esbuild/freebsd-x64@0.21.5
260 silly packumentCache full:https://registry.npmjs.org/@esbuild%2ffreebsd-x64 cache-miss
261 silly fetch manifest @esbuild/linux-arm64@0.21.5
262 silly packumentCache full:https://registry.npmjs.org/@esbuild%2flinux-arm64 cache-miss
263 silly fetch manifest @esbuild/linux-ppc64@0.21.5
264 silly packumentCache full:https://registry.npmjs.org/@esbuild%2flinux-ppc64 cache-miss
265 silly fetch manifest @esbuild/linux-s390x@0.21.5
266 silly packumentCache full:https://registry.npmjs.org/@esbuild%2flinux-s390x cache-miss
267 silly fetch manifest @esbuild/openbsd-x64@0.21.5
268 silly packumentCache full:https://registry.npmjs.org/@esbuild%2fopenbsd-x64 cache-miss
269 silly fetch manifest @esbuild/win32-arm64@0.21.5
270 silly packumentCache full:https://registry.npmjs.org/@esbuild%2fwin32-arm64 cache-miss
271 silly fetch manifest @esbuild/darwin-arm64@0.21.5
272 silly packumentCache full:https://registry.npmjs.org/@esbuild%2fdarwin-arm64 cache-miss
273 silly fetch manifest @esbuild/android-arm64@0.21.5
274 silly packumentCache full:https://registry.npmjs.org/@esbuild%2fandroid-arm64 cache-miss
275 silly fetch manifest @esbuild/freebsd-arm64@0.21.5
276 silly packumentCache full:https://registry.npmjs.org/@esbuild%2ffreebsd-arm64 cache-miss
277 silly fetch manifest @esbuild/linux-loong64@0.21.5
278 silly packumentCache full:https://registry.npmjs.org/@esbuild%2flinux-loong64 cache-miss
279 silly fetch manifest @esbuild/linux-riscv64@0.21.5
280 silly packumentCache full:https://registry.npmjs.org/@esbuild%2flinux-riscv64 cache-miss
281 silly fetch manifest @esbuild/linux-mips64el@0.21.5
282 silly packumentCache full:https://registry.npmjs.org/@esbuild%2flinux-mips64el cache-miss
283 silly fetch manifest nanoid@^3.3.11
284 silly packumentCache full:https://registry.npmjs.org/nanoid cache-miss
285 silly fetch manifest picocolors@^1.1.1
286 silly packumentCache full:https://registry.npmjs.org/picocolors cache-miss
287 silly fetch manifest source-map-js@^1.2.1
288 silly packumentCache full:https://registry.npmjs.org/source-map-js cache-miss
289 silly fetch manifest @types/estree@1.0.8
290 silly packumentCache full:https://registry.npmjs.org/@types%2festree cache-miss
291 silly fetch manifest @rollup/rollup-darwin-arm64@4.60.1
292 silly packumentCache full:https://registry.npmjs.org/@rollup%2frollup-darwin-arm64 cache-miss
293 silly fetch manifest @rollup/rollup-android-arm64@4.60.1
294 silly packumentCache full:https://registry.npmjs.org/@rollup%2frollup-android-arm64 cache-miss
295 silly fetch manifest @rollup/rollup-win32-arm64-msvc@4.60.1
296 silly packumentCache full:https://registry.npmjs.org/@rollup%2frollup-win32-arm64-msvc cache-miss
297 silly fetch manifest @rollup/rollup-freebsd-arm64@4.60.1
298 silly packumentCache full:https://registry.npmjs.org/@rollup%2frollup-freebsd-arm64 cache-miss
299 http fetch GET 200 https://registry.npmjs.org/@esbuild%2faix-ppc64 104ms (cache miss)
300 silly packumentCache full:https://registry.npmjs.org/@esbuild%2faix-ppc64 set size:undefined disposed:false
301 silly fetch manifest @rollup/rollup-linux-arm64-gnu@4.60.1
302 silly packumentCache full:https://registry.npmjs.org/@rollup%2frollup-linux-arm64-gnu cache-miss
303 http fetch GET 200 https://registry.npmjs.org/@esbuild%2flinux-ia32 169ms (cache miss)
304 silly packumentCache full:https://registry.npmjs.org/@esbuild%2flinux-ia32 set size:undefined disposed:false
305 silly fetch manifest @rollup/rollup-linux-arm64-musl@4.60.1
306 silly packumentCache full:https://registry.npmjs.org/@rollup%2frollup-linux-arm64-musl cache-miss
307 http fetch GET 200 https://registry.npmjs.org/@esbuild%2fwin32-x64 183ms (cache miss)
308 silly packumentCache full:https://registry.npmjs.org/@esbuild%2fwin32-x64 set size:undefined disposed:false
309 silly fetch manifest @rollup/rollup-android-arm-eabi@4.60.1
310 silly packumentCache full:https://registry.npmjs.org/@rollup%2frollup-android-arm-eabi cache-miss
311 http fetch GET 200 https://registry.npmjs.org/@esbuild%2flinux-s390x 200ms (cache miss)
312 silly packumentCache full:https://registry.npmjs.org/@esbuild%2flinux-s390x set size:undefined disposed:false
313 silly fetch manifest @rollup/rollup-linux-arm-gnueabihf@4.60.1
314 silly packumentCache full:https://registry.npmjs.org/@rollup%2frollup-linux-arm-gnueabihf cache-miss
315 http fetch GET 200 https://registry.npmjs.org/@esbuild%2fandroid-arm 203ms (cache miss)
316 silly packumentCache full:https://registry.npmjs.org/@esbuild%2fandroid-arm set size:undefined disposed:false
317 silly fetch manifest @rollup/rollup-linux-arm-musleabihf@4.60.1
318 silly packumentCache full:https://registry.npmjs.org/@rollup%2frollup-linux-arm-musleabihf cache-miss
319 http fetch GET 200 https://registry.npmjs.org/@esbuild%2flinux-arm64 225ms (cache miss)
320 silly packumentCache full:https://registry.npmjs.org/@esbuild%2flinux-arm64 set size:undefined disposed:false
321 silly fetch manifest @rollup/rollup-win32-ia32-msvc@4.60.1
322 silly packumentCache full:https://registry.npmjs.org/@rollup%2frollup-win32-ia32-msvc cache-miss
323 http fetch GET 200 https://registry.npmjs.org/@esbuild%2fwin32-ia32 228ms (cache miss)
324 silly packumentCache full:https://registry.npmjs.org/@esbuild%2fwin32-ia32 set size:undefined disposed:false
325 silly fetch manifest @rollup/rollup-linux-loong64-gnu@4.60.1
326 silly packumentCache full:https://registry.npmjs.org/@rollup%2frollup-linux-loong64-gnu cache-miss
327 http fetch GET 200 https://registry.npmjs.org/@esbuild%2fdarwin-x64 230ms (cache miss)
328 silly packumentCache full:https://registry.npmjs.org/@esbuild%2fdarwin-x64 set size:undefined disposed:false
329 silly fetch manifest @rollup/rollup-linux-loong64-musl@4.60.1
330 silly packumentCache full:https://registry.npmjs.org/@rollup%2frollup-linux-loong64-musl cache-miss
331 http fetch GET 200 https://registry.npmjs.org/@esbuild%2fnetbsd-x64 242ms (cache miss)
332 silly packumentCache full:https://registry.npmjs.org/@esbuild%2fnetbsd-x64 set size:undefined disposed:false
333 silly fetch manifest @rollup/rollup-linux-riscv64-gnu@4.60.1
334 silly packumentCache full:https://registry.npmjs.org/@rollup%2frollup-linux-riscv64-gnu cache-miss
335 http fetch GET 200 https://registry.npmjs.org/@esbuild%2flinux-x64 245ms (cache miss)
336 silly packumentCache full:https://registry.npmjs.org/@esbuild%2flinux-x64 set size:undefined disposed:false
337 silly fetch manifest @rollup/rollup-linux-riscv64-musl@4.60.1
338 silly packumentCache full:https://registry.npmjs.org/@rollup%2frollup-linux-riscv64-musl cache-miss
339 http fetch GET 200 https://registry.npmjs.org/@esbuild%2ffreebsd-x64 247ms (cache miss)
340 silly packumentCache full:https://registry.npmjs.org/@esbuild%2ffreebsd-x64 set size:undefined disposed:false
341 silly fetch manifest @rollup/rollup-linux-ppc64-gnu@4.60.1
342 silly packumentCache full:https://registry.npmjs.org/@rollup%2frollup-linux-ppc64-gnu cache-miss
343 http fetch GET 200 https://registry.npmjs.org/@esbuild%2flinux-arm 250ms (cache miss)
344 silly packumentCache full:https://registry.npmjs.org/@esbuild%2flinux-arm set size:undefined disposed:false
345 silly fetch manifest @rollup/rollup-linux-ppc64-musl@4.60.1
346 silly packumentCache full:https://registry.npmjs.org/@rollup%2frollup-linux-ppc64-musl cache-miss
347 http fetch GET 200 https://registry.npmjs.org/@esbuild%2fandroid-x64 291ms (cache miss)
348 silly packumentCache full:https://registry.npmjs.org/@esbuild%2fandroid-x64 set size:undefined disposed:false
349 silly fetch manifest @rollup/rollup-linux-s390x-gnu@4.60.1
350 silly packumentCache full:https://registry.npmjs.org/@rollup%2frollup-linux-s390x-gnu cache-miss
351 http fetch GET 200 https://registry.npmjs.org/@esbuild%2fsunos-x64 293ms (cache miss)
352 silly packumentCache full:https://registry.npmjs.org/@esbuild%2fsunos-x64 set size:undefined disposed:false
353 silly fetch manifest @rollup/rollup-darwin-x64@4.60.1
354 silly packumentCache full:https://registry.npmjs.org/@rollup%2frollup-darwin-x64 cache-miss
355 http fetch GET 200 https://registry.npmjs.org/@esbuild%2fopenbsd-x64 296ms (cache miss)
356 silly packumentCache full:https://registry.npmjs.org/@esbuild%2fopenbsd-x64 set size:undefined disposed:false
357 silly fetch manifest @rollup/rollup-win32-x64-gnu@4.60.1
358 silly packumentCache full:https://registry.npmjs.org/@rollup%2frollup-win32-x64-gnu cache-miss
359 http fetch GET 200 https://registry.npmjs.org/@esbuild%2fdarwin-arm64 309ms (cache miss)
360 silly packumentCache full:https://registry.npmjs.org/@esbuild%2fdarwin-arm64 set size:undefined disposed:false
361 silly fetch manifest @rollup/rollup-win32-x64-msvc@4.60.1
362 silly packumentCache full:https://registry.npmjs.org/@rollup%2frollup-win32-x64-msvc cache-miss
363 http fetch GET 200 https://registry.npmjs.org/@esbuild%2fwin32-arm64 316ms (cache miss)
364 silly packumentCache full:https://registry.npmjs.org/@esbuild%2fwin32-arm64 set size:undefined disposed:false
365 silly fetch manifest @rollup/rollup-freebsd-x64@4.60.1
366 silly packumentCache full:https://registry.npmjs.org/@rollup%2frollup-freebsd-x64 cache-miss
367 http fetch GET 200 https://registry.npmjs.org/@esbuild%2fandroid-arm64 348ms (cache miss)
368 silly packumentCache full:https://registry.npmjs.org/@esbuild%2fandroid-arm64 set size:undefined disposed:false
369 silly fetch manifest @rollup/rollup-linux-x64-gnu@4.60.1
370 silly packumentCache full:https://registry.npmjs.org/@rollup%2frollup-linux-x64-gnu cache-miss
371 http fetch GET 200 https://registry.npmjs.org/@types%2festree 360ms (cache miss)
372 silly packumentCache full:https://registry.npmjs.org/@types%2festree set size:undefined disposed:false
373 silly fetch manifest @rollup/rollup-linux-x64-musl@4.60.1
374 silly packumentCache full:https://registry.npmjs.org/@rollup%2frollup-linux-x64-musl cache-miss
375 http fetch GET 200 https://registry.npmjs.org/picocolors 363ms (cache miss)
376 silly packumentCache full:https://registry.npmjs.org/picocolors set size:undefined disposed:false
377 silly fetch manifest @rollup/rollup-openbsd-x64@4.60.1
378 silly packumentCache full:https://registry.npmjs.org/@rollup%2frollup-openbsd-x64 cache-miss
379 http fetch GET 200 https://registry.npmjs.org/@esbuild%2ffreebsd-arm64 364ms (cache miss)
380 silly packumentCache full:https://registry.npmjs.org/@esbuild%2ffreebsd-arm64 set size:undefined disposed:false
381 silly fetch manifest @rollup/rollup-openharmony-arm64@4.60.1
382 silly packumentCache full:https://registry.npmjs.org/@rollup%2frollup-openharmony-arm64 cache-miss
383 http fetch GET 200 https://registry.npmjs.org/source-map-js 367ms (cache miss)
384 silly packumentCache full:https://registry.npmjs.org/source-map-js set size:undefined disposed:false
385 http fetch GET 200 https://registry.npmjs.org/@esbuild%2flinux-mips64el 370ms (cache miss)
386 silly packumentCache full:https://registry.npmjs.org/@esbuild%2flinux-mips64el set size:undefined disposed:false
387 http fetch GET 200 https://registry.npmjs.org/@esbuild%2flinux-loong64 374ms (cache miss)
388 silly packumentCache full:https://registry.npmjs.org/@esbuild%2flinux-loong64 set size:undefined disposed:false
389 http fetch GET 200 https://registry.npmjs.org/@esbuild%2flinux-riscv64 379ms (cache miss)
390 silly packumentCache full:https://registry.npmjs.org/@esbuild%2flinux-riscv64 set size:undefined disposed:false
391 http fetch GET 200 https://registry.npmjs.org/@rollup%2frollup-darwin-arm64 396ms (cache miss)
392 silly packumentCache full:https://registry.npmjs.org/@rollup%2frollup-darwin-arm64 set size:undefined disposed:false
393 http fetch GET 200 https://registry.npmjs.org/@rollup%2frollup-freebsd-arm64 413ms (cache miss)
394 silly packumentCache full:https://registry.npmjs.org/@rollup%2frollup-freebsd-arm64 set size:undefined disposed:false
395 http fetch GET 200 https://registry.npmjs.org/nanoid 424ms (cache miss)
396 silly packumentCache full:https://registry.npmjs.org/nanoid set size:undefined disposed:false
397 http fetch GET 200 https://registry.npmjs.org/@rollup%2frollup-android-arm64 439ms (cache miss)
398 silly packumentCache full:https://registry.npmjs.org/@rollup%2frollup-android-arm64 set size:undefined disposed:false
399 http fetch GET 200 https://registry.npmjs.org/@rollup%2frollup-win32-arm64-msvc 450ms (cache miss)
400 silly packumentCache full:https://registry.npmjs.org/@rollup%2frollup-win32-arm64-msvc set size:undefined disposed:false
401 http fetch GET 200 https://registry.npmjs.org/@rollup%2frollup-linux-arm64-gnu 353ms (cache miss)
402 silly packumentCache full:https://registry.npmjs.org/@rollup%2frollup-linux-arm64-gnu set size:undefined disposed:false
403 http fetch GET 200 https://registry.npmjs.org/@rollup%2frollup-android-arm-eabi 317ms (cache miss)
404 silly packumentCache full:https://registry.npmjs.org/@rollup%2frollup-android-arm-eabi set size:undefined disposed:false
405 http fetch GET 200 https://registry.npmjs.org/@rollup%2frollup-linux-arm-gnueabihf 305ms (cache miss)
406 silly packumentCache full:https://registry.npmjs.org/@rollup%2frollup-linux-arm-gnueabihf set size:undefined disposed:false
407 http fetch GET 200 https://registry.npmjs.org/@rollup%2frollup-linux-arm64-musl 338ms (cache miss)
408 silly packumentCache full:https://registry.npmjs.org/@rollup%2frollup-linux-arm64-musl set size:undefined disposed:false
409 http fetch GET 200 https://registry.npmjs.org/@rollup%2frollup-linux-loong64-gnu 283ms (cache miss)
410 silly packumentCache full:https://registry.npmjs.org/@rollup%2frollup-linux-loong64-gnu set size:undefined disposed:false
411 http fetch GET 200 https://registry.npmjs.org/@rollup%2frollup-win32-ia32-msvc 288ms (cache miss)
412 silly packumentCache full:https://registry.npmjs.org/@rollup%2frollup-win32-ia32-msvc set size:undefined disposed:false
413 http fetch GET 200 https://registry.npmjs.org/@rollup%2frollup-linux-arm-musleabihf 315ms (cache miss)
414 silly packumentCache full:https://registry.npmjs.org/@rollup%2frollup-linux-arm-musleabihf set size:undefined disposed:false
415 http fetch GET 200 https://registry.npmjs.org/@rollup%2frollup-linux-loong64-musl 295ms (cache miss)
416 silly packumentCache full:https://registry.npmjs.org/@rollup%2frollup-linux-loong64-musl set size:undefined disposed:false
417 http fetch GET 200 https://registry.npmjs.org/@rollup%2frollup-linux-riscv64-musl 282ms (cache miss)
418 silly packumentCache full:https://registry.npmjs.org/@rollup%2frollup-linux-riscv64-musl set size:undefined disposed:false
419 http fetch GET 200 https://registry.npmjs.org/@rollup%2frollup-linux-riscv64-gnu 287ms (cache miss)
420 silly packumentCache full:https://registry.npmjs.org/@rollup%2frollup-linux-riscv64-gnu set size:undefined disposed:false
421 http fetch GET 200 https://registry.npmjs.org/@esbuild%2flinux-ppc64 543ms (cache miss)
422 silly packumentCache full:https://registry.npmjs.org/@esbuild%2flinux-ppc64 set size:undefined disposed:false
423 http fetch GET 200 https://registry.npmjs.org/@rollup%2frollup-linux-ppc64-musl 300ms (cache miss)
424 silly packumentCache full:https://registry.npmjs.org/@rollup%2frollup-linux-ppc64-musl set size:undefined disposed:false
425 http fetch GET 200 https://registry.npmjs.org/@rollup%2frollup-linux-ppc64-gnu 304ms (cache miss)
426 silly packumentCache full:https://registry.npmjs.org/@rollup%2frollup-linux-ppc64-gnu set size:undefined disposed:false
427 http fetch GET 200 https://registry.npmjs.org/@rollup%2frollup-darwin-x64 271ms (cache miss)
428 silly packumentCache full:https://registry.npmjs.org/@rollup%2frollup-darwin-x64 set size:undefined disposed:false
429 http fetch GET 200 https://registry.npmjs.org/@rollup%2frollup-linux-s390x-gnu 279ms (cache miss)
430 silly packumentCache full:https://registry.npmjs.org/@rollup%2frollup-linux-s390x-gnu set size:undefined disposed:false
431 http fetch GET 200 https://registry.npmjs.org/@rollup%2frollup-win32-x64-gnu 275ms (cache miss)
432 silly packumentCache full:https://registry.npmjs.org/@rollup%2frollup-win32-x64-gnu set size:undefined disposed:false
433 http fetch GET 200 https://registry.npmjs.org/@rollup%2frollup-openbsd-x64 228ms (cache miss)
434 silly packumentCache full:https://registry.npmjs.org/@rollup%2frollup-openbsd-x64 set size:undefined disposed:false
435 http fetch GET 200 https://registry.npmjs.org/@rollup%2frollup-linux-x64-musl 272ms (cache miss)
436 silly packumentCache full:https://registry.npmjs.org/@rollup%2frollup-linux-x64-musl set size:undefined disposed:false
437 http fetch GET 200 https://registry.npmjs.org/@rollup%2frollup-freebsd-x64 320ms (cache miss)
438 silly packumentCache full:https://registry.npmjs.org/@rollup%2frollup-freebsd-x64 set size:undefined disposed:false
439 http fetch GET 200 https://registry.npmjs.org/@rollup%2frollup-openharmony-arm64 276ms (cache miss)
440 silly packumentCache full:https://registry.npmjs.org/@rollup%2frollup-openharmony-arm64 set size:undefined disposed:false
441 http fetch GET 200 https://registry.npmjs.org/@rollup%2frollup-linux-x64-gnu 295ms (cache miss)
442 silly packumentCache full:https://registry.npmjs.org/@rollup%2frollup-linux-x64-gnu set size:undefined disposed:false
443 http fetch GET 200 https://registry.npmjs.org/@rollup%2frollup-win32-x64-msvc 338ms (cache miss)
444 silly packumentCache full:https://registry.npmjs.org/@rollup%2frollup-win32-x64-msvc set size:undefined disposed:false
445 silly placeDep ROOT @esbuild/aix-ppc64@0.21.5 OK for: esbuild@0.21.5 want: 0.21.5
446 silly placeDep ROOT @esbuild/android-arm@0.21.5 OK for: esbuild@0.21.5 want: 0.21.5
447 silly placeDep ROOT @esbuild/android-arm64@0.21.5 OK for: esbuild@0.21.5 want: 0.21.5
448 silly placeDep ROOT @esbuild/android-x64@0.21.5 OK for: esbuild@0.21.5 want: 0.21.5
449 silly placeDep ROOT @esbuild/darwin-arm64@0.21.5 OK for: esbuild@0.21.5 want: 0.21.5
450 silly placeDep ROOT @esbuild/darwin-x64@0.21.5 OK for: esbuild@0.21.5 want: 0.21.5
451 silly placeDep ROOT @esbuild/freebsd-arm64@0.21.5 OK for: esbuild@0.21.5 want: 0.21.5
452 silly placeDep ROOT @esbuild/freebsd-x64@0.21.5 OK for: esbuild@0.21.5 want: 0.21.5
453 silly placeDep ROOT @esbuild/linux-arm@0.21.5 OK for: esbuild@0.21.5 want: 0.21.5
454 silly placeDep ROOT @esbuild/linux-arm64@0.21.5 OK for: esbuild@0.21.5 want: 0.21.5
455 silly placeDep ROOT @esbuild/linux-ia32@0.21.5 OK for: esbuild@0.21.5 want: 0.21.5
456 silly placeDep ROOT @esbuild/linux-loong64@0.21.5 OK for: esbuild@0.21.5 want: 0.21.5
457 silly placeDep ROOT @esbuild/linux-mips64el@0.21.5 OK for: esbuild@0.21.5 want: 0.21.5
458 silly placeDep ROOT @esbuild/linux-ppc64@0.21.5 OK for: esbuild@0.21.5 want: 0.21.5
459 silly placeDep ROOT @esbuild/linux-riscv64@0.21.5 OK for: esbuild@0.21.5 want: 0.21.5
460 silly placeDep ROOT @esbuild/linux-s390x@0.21.5 OK for: esbuild@0.21.5 want: 0.21.5
461 silly placeDep ROOT @esbuild/linux-x64@0.21.5 OK for: esbuild@0.21.5 want: 0.21.5
462 silly placeDep ROOT @esbuild/netbsd-x64@0.21.5 OK for: esbuild@0.21.5 want: 0.21.5
463 silly placeDep ROOT @esbuild/openbsd-x64@0.21.5 OK for: esbuild@0.21.5 want: 0.21.5
464 silly placeDep ROOT @esbuild/sunos-x64@0.21.5 OK for: esbuild@0.21.5 want: 0.21.5
465 silly placeDep ROOT @esbuild/win32-arm64@0.21.5 OK for: esbuild@0.21.5 want: 0.21.5
466 silly placeDep ROOT @esbuild/win32-ia32@0.21.5 OK for: esbuild@0.21.5 want: 0.21.5
467 silly placeDep ROOT @esbuild/win32-x64@0.21.5 OK for: esbuild@0.21.5 want: 0.21.5
468 silly placeDep ROOT nanoid@3.3.11 OK for: postcss@8.5.9 want: ^3.3.11
469 silly placeDep ROOT picocolors@1.1.1 OK for: postcss@8.5.9 want: ^1.1.1
470 silly placeDep ROOT source-map-js@1.2.1 OK for: postcss@8.5.9 want: ^1.2.1
471 silly placeDep ROOT @rollup/rollup-android-arm-eabi@4.60.1 OK for: rollup@4.60.1 want: 4.60.1
472 silly placeDep ROOT @rollup/rollup-android-arm64@4.60.1 OK for: rollup@4.60.1 want: 4.60.1
473 silly placeDep ROOT @rollup/rollup-darwin-arm64@4.60.1 OK for: rollup@4.60.1 want: 4.60.1
474 silly placeDep ROOT @rollup/rollup-darwin-x64@4.60.1 OK for: rollup@4.60.1 want: 4.60.1
475 silly placeDep ROOT @rollup/rollup-freebsd-arm64@4.60.1 OK for: rollup@4.60.1 want: 4.60.1
476 silly placeDep ROOT @rollup/rollup-freebsd-x64@4.60.1 OK for: rollup@4.60.1 want: 4.60.1
477 silly placeDep ROOT @rollup/rollup-linux-arm-gnueabihf@4.60.1 OK for: rollup@4.60.1 want: 4.60.1
478 silly placeDep ROOT @rollup/rollup-linux-arm-musleabihf@4.60.1 OK for: rollup@4.60.1 want: 4.60.1
479 silly placeDep ROOT @rollup/rollup-linux-arm64-gnu@4.60.1 OK for: rollup@4.60.1 want: 4.60.1
480 silly placeDep ROOT @rollup/rollup-linux-arm64-musl@4.60.1 OK for: rollup@4.60.1 want: 4.60.1
481 silly placeDep ROOT @rollup/rollup-linux-loong64-gnu@4.60.1 OK for: rollup@4.60.1 want: 4.60.1
482 silly placeDep ROOT @rollup/rollup-linux-loong64-musl@4.60.1 OK for: rollup@4.60.1 want: 4.60.1
483 silly placeDep ROOT @rollup/rollup-linux-ppc64-gnu@4.60.1 OK for: rollup@4.60.1 want: 4.60.1
484 silly placeDep ROOT @rollup/rollup-linux-ppc64-musl@4.60.1 OK for: rollup@4.60.1 want: 4.60.1
485 silly placeDep ROOT @rollup/rollup-linux-riscv64-gnu@4.60.1 OK for: rollup@4.60.1 want: 4.60.1
486 silly placeDep ROOT @rollup/rollup-linux-riscv64-musl@4.60.1 OK for: rollup@4.60.1 want: 4.60.1
487 silly placeDep ROOT @rollup/rollup-linux-s390x-gnu@4.60.1 OK for: rollup@4.60.1 want: 4.60.1
488 silly placeDep ROOT @rollup/rollup-linux-x64-gnu@4.60.1 OK for: rollup@4.60.1 want: 4.60.1
489 silly placeDep ROOT @rollup/rollup-linux-x64-musl@4.60.1 OK for: rollup@4.60.1 want: 4.60.1
490 silly placeDep ROOT @rollup/rollup-openbsd-x64@4.60.1 OK for: rollup@4.60.1 want: 4.60.1
491 silly placeDep ROOT @rollup/rollup-openharmony-arm64@4.60.1 OK for: rollup@4.60.1 want: 4.60.1
492 silly placeDep ROOT @rollup/rollup-win32-arm64-msvc@4.60.1 OK for: rollup@4.60.1 want: 4.60.1
493 silly placeDep ROOT @rollup/rollup-win32-ia32-msvc@4.60.1 OK for: rollup@4.60.1 want: 4.60.1
494 silly placeDep ROOT @rollup/rollup-win32-x64-gnu@4.60.1 OK for: rollup@4.60.1 want: 4.60.1
495 silly placeDep ROOT @rollup/rollup-win32-x64-msvc@4.60.1 OK for: rollup@4.60.1 want: 4.60.1
496 silly placeDep ROOT @types/estree@1.0.8 OK for: rollup@4.60.1 want: 1.0.8
497 silly reify moves {}
498 silly audit bulk request {
498 silly audit   '@types/react': [ '18.3.28' ],
498 silly audit   '@types/react-dom': [ '18.3.7' ],
498 silly audit   '@vitejs/plugin-react-swc': [ '3.11.0' ],
498 silly audit   vite: [ '5.4.21' ],
498 silly audit   react: [ '18.3.1' ],
498 silly audit   'react-dom': [ '18.3.1' ],
498 silly audit   'react-router-dom': [ '6.30.3' ],
498 silly audit   typescript: [ '5.9.3' ],
498 silly audit   '@types/prop-types': [ '15.7.15' ],
498 silly audit   csstype: [ '3.2.3' ],
498 silly audit   '@rolldown/pluginutils': [ '1.0.0-beta.27' ],
498 silly audit   '@swc/core': [ '1.15.24' ],
498 silly audit   '@swc/core-darwin-arm64': [ '1.15.24' ],
498 silly audit   '@swc/core-darwin-x64': [ '1.15.24' ],
498 silly audit   '@swc/core-linux-arm-gnueabihf': [ '1.15.24' ],
498 silly audit   '@swc/core-linux-arm64-gnu': [ '1.15.24' ],
498 silly audit   '@swc/core-linux-arm64-musl': [ '1.15.24' ],
498 silly audit   '@swc/core-linux-ppc64-gnu': [ '1.15.24' ],
498 silly audit   '@swc/core-linux-s390x-gnu': [ '1.15.24' ],
498 silly audit   '@swc/core-linux-x64-gnu': [ '1.15.24' ],
498 silly audit   '@swc/core-linux-x64-musl': [ '1.15.24' ],
498 silly audit   '@swc/core-win32-arm64-msvc': [ '1.15.24' ],
498 silly audit   '@swc/core-win32-ia32-msvc': [ '1.15.24' ],
498 silly audit   '@swc/core-win32-x64-msvc': [ '1.15.24' ],
498 silly audit   '@swc/counter': [ '0.1.3' ],
498 silly audit   '@swc/types': [ '0.1.26' ],
498 silly audit   'loose-envify': [ '1.4.0' ],
498 silly audit   'js-tokens': [ '4.0.0' ],
498 silly audit   scheduler: [ '0.23.2' ],
498 silly audit   '@remix-run/router': [ '1.23.2' ],
498 silly audit   'react-router': [ '6.30.3' ],
498 silly audit   esbuild: [ '0.21.5' ],
498 silly audit   fsevents: [ '2.3.3' ],
498 silly audit   postcss: [ '8.5.9' ],
498 silly audit   rollup: [ '4.60.1' ],
498 silly audit   '@esbuild/aix-ppc64': [ '0.21.5' ],
498 silly audit   '@esbuild/android-arm': [ '0.21.5' ],
498 silly audit   '@esbuild/android-arm64': [ '0.21.5' ],
498 silly audit   '@esbuild/android-x64': [ '0.21.5' ],
498 silly audit   '@esbuild/darwin-arm64': [ '0.21.5' ],
498 silly audit   '@esbuild/darwin-x64': [ '0.21.5' ],
498 silly audit   '@esbuild/freebsd-arm64': [ '0.21.5' ],
498 silly audit   '@esbuild/freebsd-x64': [ '0.21.5' ],
498 silly audit   '@esbuild/linux-arm': [ '0.21.5' ],
498 silly audit   '@esbuild/linux-arm64': [ '0.21.5' ],
498 silly audit   '@esbuild/linux-ia32': [ '0.21.5' ],
498 silly audit   '@esbuild/linux-loong64': [ '0.21.5' ],
498 silly audit   '@esbuild/linux-mips64el': [ '0.21.5' ],
498 silly audit   '@esbuild/linux-ppc64': [ '0.21.5' ],
498 silly audit   '@esbuild/linux-riscv64': [ '0.21.5' ],
498 silly audit   '@esbuild/linux-s390x': [ '0.21.5' ],
498 silly audit   '@esbuild/linux-x64': [ '0.21.5' ],
498 silly audit   '@esbuild/netbsd-x64': [ '0.21.5' ],
498 silly audit   '@esbuild/openbsd-x64': [ '0.21.5' ],
498 silly audit   '@esbuild/sunos-x64': [ '0.21.5' ],
498 silly audit   '@esbuild/win32-arm64': [ '0.21.5' ],
498 silly audit   '@esbuild/win32-ia32': [ '0.21.5' ],
498 silly audit   '@esbuild/win32-x64': [ '0.21.5' ],
498 silly audit   nanoid: [ '3.3.11' ],
498 silly audit   picocolors: [ '1.1.1' ],
498 silly audit   'source-map-js': [ '1.2.1' ],
498 silly audit   '@rollup/rollup-android-arm-eabi': [ '4.60.1' ],
498 silly audit   '@rollup/rollup-android-arm64': [ '4.60.1' ],
498 silly audit   '@rollup/rollup-darwin-arm64': [ '4.60.1' ],
498 silly audit   '@rollup/rollup-darwin-x64': [ '4.60.1' ],
498 silly audit   '@rollup/rollup-freebsd-arm64': [ '4.60.1' ],
498 silly audit   '@rollup/rollup-freebsd-x64': [ '4.60.1' ],
498 silly audit   '@rollup/rollup-linux-arm-gnueabihf': [ '4.60.1' ],
498 silly audit   '@rollup/rollup-linux-arm-musleabihf': [ '4.60.1' ],
498 silly audit   '@rollup/rollup-linux-arm64-gnu': [ '4.60.1' ],
498 silly audit   '@rollup/rollup-linux-arm64-musl': [ '4.60.1' ],
498 silly audit   '@rollup/rollup-linux-loong64-gnu': [ '4.60.1' ],
498 silly audit   '@rollup/rollup-linux-loong64-musl': [ '4.60.1' ],
498 silly audit   '@rollup/rollup-linux-ppc64-gnu': [ '4.60.1' ],
498 silly audit   '@rollup/rollup-linux-ppc64-musl': [ '4.60.1' ],
498 silly audit   '@rollup/rollup-linux-riscv64-gnu': [ '4.60.1' ],
498 silly audit   '@rollup/rollup-linux-riscv64-musl': [ '4.60.1' ],
498 silly audit   '@rollup/rollup-linux-s390x-gnu': [ '4.60.1' ],
498 silly audit   '@rollup/rollup-linux-x64-gnu': [ '4.60.1' ],
498 silly audit   '@rollup/rollup-linux-x64-musl': [ '4.60.1' ],
498 silly audit   '@rollup/rollup-openbsd-x64': [ '4.60.1' ],
498 silly audit   '@rollup/rollup-openharmony-arm64': [ '4.60.1' ],
498 silly audit   '@rollup/rollup-win32-arm64-msvc': [ '4.60.1' ],
498 silly audit   '@rollup/rollup-win32-ia32-msvc': [ '4.60.1' ],
498 silly audit   '@rollup/rollup-win32-x64-gnu': [ '4.60.1' ],
498 silly audit   '@rollup/rollup-win32-x64-msvc': [ '4.60.1' ],
498 silly audit   '@types/estree': [ '1.0.8' ]
498 silly audit }
499 verbose reify failed optional dependency D:\Desktop\SE_task\node_modules\@rollup\rollup-win32-ia32-msvc
500 silly reify mark deleted [
500 silly reify   'D:\\Desktop\\SE_task\\node_modules\\@rollup\\rollup-win32-ia32-msvc'
500 silly reify ]
501 verbose reify failed optional dependency D:\Desktop\SE_task\node_modules\@rollup\rollup-win32-arm64-msvc
502 silly reify mark deleted [
502 silly reify   'D:\\Desktop\\SE_task\\node_modules\\@rollup\\rollup-win32-arm64-msvc'
502 silly reify ]
503 verbose reify failed optional dependency D:\Desktop\SE_task\node_modules\@rollup\rollup-openharmony-arm64
504 silly reify mark deleted [
504 silly reify   'D:\\Desktop\\SE_task\\node_modules\\@rollup\\rollup-openharmony-arm64'
504 silly reify ]
505 verbose reify failed optional dependency D:\Desktop\SE_task\node_modules\@rollup\rollup-openbsd-x64
506 silly reify mark deleted [ 'D:\\Desktop\\SE_task\\node_modules\\@rollup\\rollup-openbsd-x64' ]
507 verbose reify failed optional dependency D:\Desktop\SE_task\node_modules\@rollup\rollup-linux-x64-musl
508 silly reify mark deleted [
508 silly reify   'D:\\Desktop\\SE_task\\node_modules\\@rollup\\rollup-linux-x64-musl'
508 silly reify ]
509 verbose reify failed optional dependency D:\Desktop\SE_task\node_modules\@rollup\rollup-linux-x64-gnu
510 silly reify mark deleted [ 'D:\\Desktop\\SE_task\\node_modules\\@rollup\\rollup-linux-x64-gnu' ]
511 verbose reify failed optional dependency D:\Desktop\SE_task\node_modules\@rollup\rollup-linux-s390x-gnu
512 silly reify mark deleted [
512 silly reify   'D:\\Desktop\\SE_task\\node_modules\\@rollup\\rollup-linux-s390x-gnu'
512 silly reify ]
513 verbose reify failed optional dependency D:\Desktop\SE_task\node_modules\@rollup\rollup-linux-riscv64-musl
514 silly reify mark deleted [
514 silly reify   'D:\\Desktop\\SE_task\\node_modules\\@rollup\\rollup-linux-riscv64-musl'
514 silly reify ]
515 verbose reify failed optional dependency D:\Desktop\SE_task\node_modules\@rollup\rollup-linux-riscv64-gnu
516 silly reify mark deleted [
516 silly reify   'D:\\Desktop\\SE_task\\node_modules\\@rollup\\rollup-linux-riscv64-gnu'
516 silly reify ]
517 verbose reify failed optional dependency D:\Desktop\SE_task\node_modules\@rollup\rollup-linux-ppc64-musl
518 silly reify mark deleted [
518 silly reify   'D:\\Desktop\\SE_task\\node_modules\\@rollup\\rollup-linux-ppc64-musl'
518 silly reify ]
519 verbose reify failed optional dependency D:\Desktop\SE_task\node_modules\@rollup\rollup-linux-ppc64-gnu
520 silly reify mark deleted [
520 silly reify   'D:\\Desktop\\SE_task\\node_modules\\@rollup\\rollup-linux-ppc64-gnu'
520 silly reify ]
521 verbose reify failed optional dependency D:\Desktop\SE_task\node_modules\@rollup\rollup-linux-loong64-musl
522 silly reify mark deleted [
522 silly reify   'D:\\Desktop\\SE_task\\node_modules\\@rollup\\rollup-linux-loong64-musl'
522 silly reify ]
523 verbose reify failed optional dependency D:\Desktop\SE_task\node_modules\@rollup\rollup-linux-loong64-gnu
524 silly reify mark deleted [
524 silly reify   'D:\\Desktop\\SE_task\\node_modules\\@rollup\\rollup-linux-loong64-gnu'
524 silly reify ]
525 verbose reify failed optional dependency D:\Desktop\SE_task\node_modules\@rollup\rollup-linux-arm64-musl
526 silly reify mark deleted [
526 silly reify   'D:\\Desktop\\SE_task\\node_modules\\@rollup\\rollup-linux-arm64-musl'
526 silly reify ]
527 verbose reify failed optional dependency D:\Desktop\SE_task\node_modules\@rollup\rollup-linux-arm64-gnu
528 silly reify mark deleted [
528 silly reify   'D:\\Desktop\\SE_task\\node_modules\\@rollup\\rollup-linux-arm64-gnu'
528 silly reify ]
529 verbose reify failed optional dependency D:\Desktop\SE_task\node_modules\@rollup\rollup-linux-arm-musleabihf
530 silly reify mark deleted [
530 silly reify   'D:\\Desktop\\SE_task\\node_modules\\@rollup\\rollup-linux-arm-musleabihf'
530 silly reify ]
531 verbose reify failed optional dependency D:\Desktop\SE_task\node_modules\@rollup\rollup-linux-arm-gnueabihf
532 silly reify mark deleted [
532 silly reify   'D:\\Desktop\\SE_task\\node_modules\\@rollup\\rollup-linux-arm-gnueabihf'
532 silly reify ]
533 verbose reify failed optional dependency D:\Desktop\SE_task\node_modules\@rollup\rollup-freebsd-x64
534 silly reify mark deleted [ 'D:\\Desktop\\SE_task\\node_modules\\@rollup\\rollup-freebsd-x64' ]
535 verbose reify failed optional dependency D:\Desktop\SE_task\node_modules\@rollup\rollup-freebsd-arm64
536 silly reify mark deleted [ 'D:\\Desktop\\SE_task\\node_modules\\@rollup\\rollup-freebsd-arm64' ]
537 verbose reify failed optional dependency D:\Desktop\SE_task\node_modules\@rollup\rollup-darwin-x64
538 silly reify mark deleted [ 'D:\\Desktop\\SE_task\\node_modules\\@rollup\\rollup-darwin-x64' ]
539 verbose reify failed optional dependency D:\Desktop\SE_task\node_modules\@rollup\rollup-darwin-arm64
540 silly reify mark deleted [ 'D:\\Desktop\\SE_task\\node_modules\\@rollup\\rollup-darwin-arm64' ]
541 verbose reify failed optional dependency D:\Desktop\SE_task\node_modules\@rollup\rollup-android-arm64
542 silly reify mark deleted [ 'D:\\Desktop\\SE_task\\node_modules\\@rollup\\rollup-android-arm64' ]
543 verbose reify failed optional dependency D:\Desktop\SE_task\node_modules\@rollup\rollup-android-arm-eabi
544 silly reify mark deleted [
544 silly reify   'D:\\Desktop\\SE_task\\node_modules\\@rollup\\rollup-android-arm-eabi'
544 silly reify ]
545 verbose reify failed optional dependency D:\Desktop\SE_task\node_modules\@esbuild\win32-ia32
546 silly reify mark deleted [ 'D:\\Desktop\\SE_task\\node_modules\\@esbuild\\win32-ia32' ]
547 verbose reify failed optional dependency D:\Desktop\SE_task\node_modules\@esbuild\win32-arm64
548 silly reify mark deleted [ 'D:\\Desktop\\SE_task\\node_modules\\@esbuild\\win32-arm64' ]
549 verbose reify failed optional dependency D:\Desktop\SE_task\node_modules\@esbuild\sunos-x64
550 silly reify mark deleted [ 'D:\\Desktop\\SE_task\\node_modules\\@esbuild\\sunos-x64' ]
551 verbose reify failed optional dependency D:\Desktop\SE_task\node_modules\@esbuild\openbsd-x64
552 silly reify mark deleted [ 'D:\\Desktop\\SE_task\\node_modules\\@esbuild\\openbsd-x64' ]
553 verbose reify failed optional dependency D:\Desktop\SE_task\node_modules\@esbuild\netbsd-x64
554 silly reify mark deleted [ 'D:\\Desktop\\SE_task\\node_modules\\@esbuild\\netbsd-x64' ]
555 verbose reify failed optional dependency D:\Desktop\SE_task\node_modules\@esbuild\linux-x64
556 silly reify mark deleted [ 'D:\\Desktop\\SE_task\\node_modules\\@esbuild\\linux-x64' ]
557 verbose reify failed optional dependency D:\Desktop\SE_task\node_modules\@esbuild\linux-s390x
558 silly reify mark deleted [ 'D:\\Desktop\\SE_task\\node_modules\\@esbuild\\linux-s390x' ]
559 verbose reify failed optional dependency D:\Desktop\SE_task\node_modules\@esbuild\linux-riscv64
560 silly reify mark deleted [ 'D:\\Desktop\\SE_task\\node_modules\\@esbuild\\linux-riscv64' ]
561 verbose reify failed optional dependency D:\Desktop\SE_task\node_modules\@esbuild\linux-ppc64
562 silly reify mark deleted [ 'D:\\Desktop\\SE_task\\node_modules\\@esbuild\\linux-ppc64' ]
563 verbose reify failed optional dependency D:\Desktop\SE_task\node_modules\@esbuild\linux-mips64el
564 silly reify mark deleted [ 'D:\\Desktop\\SE_task\\node_modules\\@esbuild\\linux-mips64el' ]
565 verbose reify failed optional dependency D:\Desktop\SE_task\node_modules\@esbuild\linux-loong64
566 silly reify mark deleted [ 'D:\\Desktop\\SE_task\\node_modules\\@esbuild\\linux-loong64' ]
567 verbose reify failed optional dependency D:\Desktop\SE_task\node_modules\@esbuild\linux-ia32
568 silly reify mark deleted [ 'D:\\Desktop\\SE_task\\node_modules\\@esbuild\\linux-ia32' ]
569 verbose reify failed optional dependency D:\Desktop\SE_task\node_modules\@esbuild\linux-arm64
570 silly reify mark deleted [ 'D:\\Desktop\\SE_task\\node_modules\\@esbuild\\linux-arm64' ]
571 verbose reify failed optional dependency D:\Desktop\SE_task\node_modules\@esbuild\linux-arm
572 silly reify mark deleted [ 'D:\\Desktop\\SE_task\\node_modules\\@esbuild\\linux-arm' ]
573 verbose reify failed optional dependency D:\Desktop\SE_task\node_modules\@esbuild\freebsd-x64
574 silly reify mark deleted [ 'D:\\Desktop\\SE_task\\node_modules\\@esbuild\\freebsd-x64' ]
575 verbose reify failed optional dependency D:\Desktop\SE_task\node_modules\@esbuild\freebsd-arm64
576 silly reify mark deleted [ 'D:\\Desktop\\SE_task\\node_modules\\@esbuild\\freebsd-arm64' ]
577 verbose reify failed optional dependency D:\Desktop\SE_task\node_modules\@esbuild\darwin-x64
578 silly reify mark deleted [ 'D:\\Desktop\\SE_task\\node_modules\\@esbuild\\darwin-x64' ]
579 verbose reify failed optional dependency D:\Desktop\SE_task\node_modules\@esbuild\darwin-arm64
580 silly reify mark deleted [ 'D:\\Desktop\\SE_task\\node_modules\\@esbuild\\darwin-arm64' ]
581 verbose reify failed optional dependency D:\Desktop\SE_task\node_modules\@esbuild\android-x64
582 silly reify mark deleted [ 'D:\\Desktop\\SE_task\\node_modules\\@esbuild\\android-x64' ]
583 verbose reify failed optional dependency D:\Desktop\SE_task\node_modules\@esbuild\android-arm64
584 silly reify mark deleted [ 'D:\\Desktop\\SE_task\\node_modules\\@esbuild\\android-arm64' ]
585 verbose reify failed optional dependency D:\Desktop\SE_task\node_modules\@esbuild\android-arm
586 silly reify mark deleted [ 'D:\\Desktop\\SE_task\\node_modules\\@esbuild\\android-arm' ]
587 verbose reify failed optional dependency D:\Desktop\SE_task\node_modules\@esbuild\aix-ppc64
588 silly reify mark deleted [ 'D:\\Desktop\\SE_task\\node_modules\\@esbuild\\aix-ppc64' ]
589 verbose reify failed optional dependency D:\Desktop\SE_task\node_modules\fsevents
590 silly reify mark deleted [ 'D:\\Desktop\\SE_task\\node_modules\\fsevents' ]
591 verbose reify failed optional dependency D:\Desktop\SE_task\node_modules\@swc\core-win32-ia32-msvc
592 silly reify mark deleted [ 'D:\\Desktop\\SE_task\\node_modules\\@swc\\core-win32-ia32-msvc' ]
593 verbose reify failed optional dependency D:\Desktop\SE_task\node_modules\@swc\core-win32-arm64-msvc
594 silly reify mark deleted [ 'D:\\Desktop\\SE_task\\node_modules\\@swc\\core-win32-arm64-msvc' ]
595 verbose reify failed optional dependency D:\Desktop\SE_task\node_modules\@swc\core-linux-x64-musl
596 silly reify mark deleted [ 'D:\\Desktop\\SE_task\\node_modules\\@swc\\core-linux-x64-musl' ]
597 verbose reify failed optional dependency D:\Desktop\SE_task\node_modules\@swc\core-linux-x64-gnu
598 silly reify mark deleted [ 'D:\\Desktop\\SE_task\\node_modules\\@swc\\core-linux-x64-gnu' ]
599 verbose reify failed optional dependency D:\Desktop\SE_task\node_modules\@swc\core-linux-s390x-gnu
600 silly reify mark deleted [ 'D:\\Desktop\\SE_task\\node_modules\\@swc\\core-linux-s390x-gnu' ]
601 verbose reify failed optional dependency D:\Desktop\SE_task\node_modules\@swc\core-linux-ppc64-gnu
602 silly reify mark deleted [ 'D:\\Desktop\\SE_task\\node_modules\\@swc\\core-linux-ppc64-gnu' ]
603 verbose reify failed optional dependency D:\Desktop\SE_task\node_modules\@swc\core-linux-arm64-musl
604 silly reify mark deleted [ 'D:\\Desktop\\SE_task\\node_modules\\@swc\\core-linux-arm64-musl' ]
605 verbose reify failed optional dependency D:\Desktop\SE_task\node_modules\@swc\core-linux-arm64-gnu
606 silly reify mark deleted [ 'D:\\Desktop\\SE_task\\node_modules\\@swc\\core-linux-arm64-gnu' ]
607 verbose reify failed optional dependency D:\Desktop\SE_task\node_modules\@swc\core-linux-arm-gnueabihf
608 silly reify mark deleted [
608 silly reify   'D:\\Desktop\\SE_task\\node_modules\\@swc\\core-linux-arm-gnueabihf'
608 silly reify ]
609 verbose reify failed optional dependency D:\Desktop\SE_task\node_modules\@swc\core-darwin-x64
610 silly reify mark deleted [ 'D:\\Desktop\\SE_task\\node_modules\\@swc\\core-darwin-x64' ]
611 verbose reify failed optional dependency D:\Desktop\SE_task\node_modules\@swc\core-darwin-arm64
612 silly reify mark deleted [ 'D:\\Desktop\\SE_task\\node_modules\\@swc\\core-darwin-arm64' ]
613 http cache @types/estree@https://registry.npmjs.org/@types/estree/-/estree-1.0.8.tgz 0ms (cache hit)
614 http cache source-map-js@https://registry.npmjs.org/source-map-js/-/source-map-js-1.2.1.tgz 0ms (cache hit)
615 http cache picocolors@https://registry.npmjs.org/picocolors/-/picocolors-1.1.1.tgz 0ms (cache hit)
616 http cache nanoid@https://registry.npmjs.org/nanoid/-/nanoid-3.3.11.tgz 0ms (cache hit)
617 http cache @rollup/rollup-win32-x64-msvc@https://registry.npmjs.org/@rollup/rollup-win32-x64-msvc/-/rollup-win32-x64-msvc-4.60.1.tgz 0ms (cache hit)
618 http cache @rollup/rollup-win32-x64-gnu@https://registry.npmjs.org/@rollup/rollup-win32-x64-gnu/-/rollup-win32-x64-gnu-4.60.1.tgz 0ms (cache hit)
619 http cache postcss@https://registry.npmjs.org/postcss/-/postcss-8.5.9.tgz 0ms (cache hit)
620 http cache @esbuild/win32-x64@https://registry.npmjs.org/@esbuild/win32-x64/-/win32-x64-0.21.5.tgz 0ms (cache hit)
621 http cache @remix-run/router@https://registry.npmjs.org/@remix-run/router/-/router-1.23.2.tgz 0ms (cache hit)
622 http cache esbuild@https://registry.npmjs.org/esbuild/-/esbuild-0.21.5.tgz 0ms (cache hit)
623 http cache @swc/types@https://registry.npmjs.org/@swc/types/-/types-0.1.26.tgz 0ms (cache hit)
624 http cache rollup@https://registry.npmjs.org/rollup/-/rollup-4.60.1.tgz 0ms (cache hit)
625 http cache js-tokens@https://registry.npmjs.org/js-tokens/-/js-tokens-4.0.0.tgz 0ms (cache hit)
626 http cache @swc/counter@https://registry.npmjs.org/@swc/counter/-/counter-0.1.3.tgz 0ms (cache hit)
627 http cache @swc/core-win32-x64-msvc@https://registry.npmjs.org/@swc/core-win32-x64-msvc/-/core-win32-x64-msvc-1.15.24.tgz 0ms (cache hit)
628 http cache react-router@https://registry.npmjs.org/react-router/-/react-router-6.30.3.tgz 0ms (cache hit)
629 http cache loose-envify@https://registry.npmjs.org/loose-envify/-/loose-envify-1.4.0.tgz 0ms (cache hit)
630 http cache scheduler@https://registry.npmjs.org/scheduler/-/scheduler-0.23.2.tgz 0ms (cache hit)
631 http cache @swc/core@https://registry.npmjs.org/@swc/core/-/core-1.15.24.tgz 0ms (cache hit)
632 http cache @rolldown/pluginutils@https://registry.npmjs.org/@rolldown/pluginutils/-/pluginutils-1.0.0-beta.27.tgz 0ms (cache hit)
633 http cache typescript@https://registry.npmjs.org/typescript/-/typescript-5.9.3.tgz 0ms (cache hit)
634 http cache @vitejs/plugin-react-swc@https://registry.npmjs.org/@vitejs/plugin-react-swc/-/plugin-react-swc-3.11.0.tgz 0ms (cache hit)
635 http cache @types/prop-types@https://registry.npmjs.org/@types/prop-types/-/prop-types-15.7.15.tgz 0ms (cache hit)
636 http cache @types/react-dom@https://registry.npmjs.org/@types/react-dom/-/react-dom-18.3.7.tgz 0ms (cache hit)
637 http cache react-router-dom@https://registry.npmjs.org/react-router-dom/-/react-router-dom-6.30.3.tgz 0ms (cache hit)
638 http cache react@https://registry.npmjs.org/react/-/react-18.3.1.tgz 0ms (cache hit)
639 http cache react-dom@https://registry.npmjs.org/react-dom/-/react-dom-18.3.1.tgz 0ms (cache hit)
640 http cache vite@https://registry.npmjs.org/vite/-/vite-5.4.21.tgz 0ms (cache hit)
641 http cache @types/react@https://registry.npmjs.org/@types/react/-/react-18.3.28.tgz 0ms (cache hit)
642 http cache csstype@https://registry.npmjs.org/csstype/-/csstype-3.2.3.tgz 0ms (cache hit)
643 silly tarball no local data for @types/estree@https://registry.npmjs.org/@types/estree/-/estree-1.0.8.tgz. Extracting by manifest.
644 silly tarball no local data for source-map-js@https://registry.npmjs.org/source-map-js/-/source-map-js-1.2.1.tgz. Extracting by manifest.
645 silly tarball no local data for picocolors@https://registry.npmjs.org/picocolors/-/picocolors-1.1.1.tgz. Extracting by manifest.
646 silly tarball no local data for nanoid@https://registry.npmjs.org/nanoid/-/nanoid-3.3.11.tgz. Extracting by manifest.
647 silly tarball no local data for @rollup/rollup-win32-x64-msvc@https://registry.npmjs.org/@rollup/rollup-win32-x64-msvc/-/rollup-win32-x64-msvc-4.60.1.tgz. Extracting by manifest.
648 silly tarball no local data for @rollup/rollup-win32-x64-gnu@https://registry.npmjs.org/@rollup/rollup-win32-x64-gnu/-/rollup-win32-x64-gnu-4.60.1.tgz. Extracting by manifest.
649 silly tarball no local data for postcss@https://registry.npmjs.org/postcss/-/postcss-8.5.9.tgz. Extracting by manifest.
650 silly tarball no local data for @esbuild/win32-x64@https://registry.npmjs.org/@esbuild/win32-x64/-/win32-x64-0.21.5.tgz. Extracting by manifest.
651 silly tarball no local data for @remix-run/router@https://registry.npmjs.org/@remix-run/router/-/router-1.23.2.tgz. Extracting by manifest.
652 silly tarball no local data for esbuild@https://registry.npmjs.org/esbuild/-/esbuild-0.21.5.tgz. Extracting by manifest.
653 silly tarball no local data for @swc/types@https://registry.npmjs.org/@swc/types/-/types-0.1.26.tgz. Extracting by manifest.
654 silly tarball no local data for rollup@https://registry.npmjs.org/rollup/-/rollup-4.60.1.tgz. Extracting by manifest.
655 silly tarball no local data for js-tokens@https://registry.npmjs.org/js-tokens/-/js-tokens-4.0.0.tgz. Extracting by manifest.
656 silly tarball no local data for @swc/counter@https://registry.npmjs.org/@swc/counter/-/counter-0.1.3.tgz. Extracting by manifest.
657 silly tarball no local data for @swc/core-win32-x64-msvc@https://registry.npmjs.org/@swc/core-win32-x64-msvc/-/core-win32-x64-msvc-1.15.24.tgz. Extracting by manifest.
658 silly tarball no local data for react-router@https://registry.npmjs.org/react-router/-/react-router-6.30.3.tgz. Extracting by manifest.
659 silly tarball no local data for loose-envify@https://registry.npmjs.org/loose-envify/-/loose-envify-1.4.0.tgz. Extracting by manifest.
660 silly tarball no local data for scheduler@https://registry.npmjs.org/scheduler/-/scheduler-0.23.2.tgz. Extracting by manifest.
661 silly tarball no local data for @swc/core@https://registry.npmjs.org/@swc/core/-/core-1.15.24.tgz. Extracting by manifest.
662 silly tarball no local data for @rolldown/pluginutils@https://registry.npmjs.org/@rolldown/pluginutils/-/pluginutils-1.0.0-beta.27.tgz. Extracting by manifest.
663 silly tarball no local data for typescript@https://registry.npmjs.org/typescript/-/typescript-5.9.3.tgz. Extracting by manifest.
664 silly tarball no local data for @vitejs/plugin-react-swc@https://registry.npmjs.org/@vitejs/plugin-react-swc/-/plugin-react-swc-3.11.0.tgz. Extracting by manifest.
665 silly tarball no local data for @types/react-dom@https://registry.npmjs.org/@types/react-dom/-/react-dom-18.3.7.tgz. Extracting by manifest.
666 silly tarball no local data for @types/prop-types@https://registry.npmjs.org/@types/prop-types/-/prop-types-15.7.15.tgz. Extracting by manifest.
667 silly tarball no local data for react-router-dom@https://registry.npmjs.org/react-router-dom/-/react-router-dom-6.30.3.tgz. Extracting by manifest.
668 silly tarball no local data for react@https://registry.npmjs.org/react/-/react-18.3.1.tgz. Extracting by manifest.
669 silly tarball no local data for react-dom@https://registry.npmjs.org/react-dom/-/react-dom-18.3.1.tgz. Extracting by manifest.
670 silly tarball no local data for vite@https://registry.npmjs.org/vite/-/vite-5.4.21.tgz. Extracting by manifest.
671 silly tarball no local data for @types/react@https://registry.npmjs.org/@types/react/-/react-18.3.28.tgz. Extracting by manifest.
672 silly tarball no local data for csstype@https://registry.npmjs.org/csstype/-/csstype-3.2.3.tgz. Extracting by manifest.
673 http fetch GET 200 https://registry.npmjs.org/nanoid/-/nanoid-3.3.11.tgz 130ms (cache miss)
674 http fetch GET 200 https://registry.npmjs.org/js-tokens/-/js-tokens-4.0.0.tgz 129ms (cache miss)
675 http fetch GET 200 https://registry.npmjs.org/picocolors/-/picocolors-1.1.1.tgz 133ms (cache miss)
676 http fetch GET 200 https://registry.npmjs.org/esbuild/-/esbuild-0.21.5.tgz 153ms (cache miss)
677 http fetch GET 200 https://registry.npmjs.org/@swc/types/-/types-0.1.26.tgz 164ms (cache miss)
678 http fetch GET 200 https://registry.npmjs.org/@types/estree/-/estree-1.0.8.tgz 174ms (cache miss)
679 http fetch GET 200 https://registry.npmjs.org/@swc/counter/-/counter-0.1.3.tgz 175ms (cache miss)
680 http fetch GET 200 https://registry.npmjs.org/source-map-js/-/source-map-js-1.2.1.tgz 200ms (cache miss)
681 http fetch GET 200 https://registry.npmjs.org/postcss/-/postcss-8.5.9.tgz 240ms (cache miss)
682 http fetch GET 200 https://registry.npmjs.org/loose-envify/-/loose-envify-1.4.0.tgz 375ms (cache miss)
683 http fetch GET 200 https://registry.npmjs.org/scheduler/-/scheduler-0.23.2.tgz 450ms (cache miss)
684 http fetch GET 200 https://registry.npmjs.org/rollup/-/rollup-4.60.1.tgz 463ms (cache miss)
685 http fetch GET 200 https://registry.npmjs.org/@swc/core/-/core-1.15.24.tgz 572ms (cache miss)
686 http fetch GET 200 https://registry.npmjs.org/@rolldown/pluginutils/-/pluginutils-1.0.0-beta.27.tgz 614ms (cache miss)
687 http fetch GET 200 https://registry.npmjs.org/@vitejs/plugin-react-swc/-/plugin-react-swc-3.11.0.tgz 626ms (cache miss)
688 http fetch GET 200 https://registry.npmjs.org/@types/react-dom/-/react-dom-18.3.7.tgz 632ms (cache miss)
689 http fetch POST 200 https://registry.npmjs.org/-/npm/v1/security/advisories/bulk 722ms
690 silly audit report {
690 silly audit report   vite: [
690 silly audit report     {
690 silly audit report       id: 1116229,
690 silly audit report       url: 'https://github.com/advisories/GHSA-4w7w-66w2-5vf9',
690 silly audit report       title: 'Vite Vulnerable to Path Traversal in Optimized Deps `.map` Handling',
690 silly audit report       severity: 'moderate',
690 silly audit report       vulnerable_versions: '<=6.4.1',
690 silly audit report       cwe: [Array],
690 silly audit report       cvss: [Object]
690 silly audit report     }
690 silly audit report   ],
690 silly audit report   esbuild: [
690 silly audit report     {
690 silly audit report       id: 1102341,
690 silly audit report       url: 'https://github.com/advisories/GHSA-67mh-4wv8-2f99',
690 silly audit report       title: 'esbuild enables any website to send any requests to the development server and read the response',
690 silly audit report       severity: 'moderate',
690 silly audit report       vulnerable_versions: '<=0.24.2',
690 silly audit report       cwe: [Array],
690 silly audit report       cvss: [Object]
690 silly audit report     }
690 silly audit report   ]
690 silly audit report }
691 silly packumentCache corgi:https://registry.npmjs.org/vite cache-miss
692 silly packumentCache corgi:https://registry.npmjs.org/esbuild cache-miss
693 http fetch GET 200 https://registry.npmjs.org/@types/prop-types/-/prop-types-15.7.15.tgz 744ms (cache miss)
694 http fetch GET 200 https://registry.npmjs.org/react-router-dom/-/react-router-dom-6.30.3.tgz 810ms (cache miss)
695 http fetch GET 200 https://registry.npmjs.org/react/-/react-18.3.1.tgz 820ms (cache miss)
696 http fetch GET 200 https://registry.npmjs.org/react-router/-/react-router-6.30.3.tgz 905ms (cache miss)
697 http fetch GET 200 https://registry.npmjs.org/csstype/-/csstype-3.2.3.tgz 960ms (cache miss)
698 http fetch GET 200 https://registry.npmjs.org/@types/react/-/react-18.3.28.tgz 971ms (cache miss)
699 http fetch GET 200 https://registry.npmjs.org/vite 732ms (cache miss)
700 silly packumentCache corgi:https://registry.npmjs.org/vite set size:undefined disposed:false
701 http fetch GET 200 https://registry.npmjs.org/vite/-/vite-5.4.21.tgz 1696ms (cache miss)
702 http fetch GET 200 https://registry.npmjs.org/esbuild 1046ms (cache miss)
703 silly packumentCache corgi:https://registry.npmjs.org/esbuild set size:undefined disposed:false
704 http fetch GET 200 https://registry.npmjs.org/@swc/core-win32-x64-msvc/-/core-win32-x64-msvc-1.15.24.tgz 1763ms (cache miss)
705 silly packumentCache corgi:https://registry.npmjs.org/@vitejs%2fplugin-react-swc cache-miss
706 http fetch GET 200 https://registry.npmjs.org/react-dom/-/react-dom-18.3.1.tgz 1815ms (cache miss)
707 http fetch GET 200 https://registry.npmjs.org/@rollup/rollup-win32-x64-msvc/-/rollup-win32-x64-msvc-4.60.1.tgz 1832ms (cache miss)
708 http fetch GET 200 https://registry.npmjs.org/@vitejs%2fplugin-react-swc 147ms (cache miss)
709 silly packumentCache corgi:https://registry.npmjs.org/@vitejs%2fplugin-react-swc set size:undefined disposed:false
710 http fetch GET 200 https://registry.npmjs.org/@remix-run/router/-/router-1.23.2.tgz 1951ms (cache miss)
711 http fetch GET 200 https://registry.npmjs.org/@rollup/rollup-win32-x64-gnu/-/rollup-win32-x64-gnu-4.60.1.tgz 2034ms (cache miss)
712 http fetch GET 200 https://registry.npmjs.org/@esbuild/win32-x64/-/win32-x64-0.21.5.tgz 2674ms (cache miss)
713 http fetch GET 200 https://registry.npmjs.org/typescript/-/typescript-5.9.3.tgz 3537ms (cache miss)
714 info run @swc/core@1.15.24 postinstall node_modules/@swc/core node postinstall.js
715 info run esbuild@0.21.5 postinstall node_modules/esbuild node install.js
716 info run @swc/core@1.15.24 postinstall { code: 0, signal: null }
717 info run esbuild@0.21.5 postinstall { code: 0, signal: null }
718 silly ADD node_modules/@types/estree
719 silly ADD node_modules/@rollup/rollup-win32-x64-msvc
720 silly ADD node_modules/@rollup/rollup-win32-x64-gnu
721 silly ADD
722 silly ADD
723 silly ADD
724 silly ADD
725 silly ADD
726 silly ADD
727 silly ADD
728 silly ADD
729 silly ADD
730 silly ADD
731 silly ADD
732 silly ADD
733 silly ADD
734 silly ADD
735 silly ADD
736 silly ADD
737 silly ADD
738 silly ADD
739 silly ADD
740 silly ADD
741 silly ADD
742 silly ADD
743 silly ADD
744 silly ADD node_modules/source-map-js
745 silly ADD node_modules/picocolors
746 silly ADD node_modules/nanoid
747 silly ADD node_modules/@esbuild/win32-x64
748 silly ADD
749 silly ADD
750 silly ADD
751 silly ADD
752 silly ADD
753 silly ADD
754 silly ADD
755 silly ADD
756 silly ADD
757 silly ADD
758 silly ADD
759 silly ADD
760 silly ADD
761 silly ADD
762 silly ADD
763 silly ADD
764 silly ADD
765 silly ADD
766 silly ADD
767 silly ADD
768 silly ADD
769 silly ADD
770 silly ADD node_modules/rollup
771 silly ADD node_modules/postcss
772 silly ADD
773 silly ADD node_modules/esbuild
774 silly ADD node_modules/react-router
775 silly ADD node_modules/@remix-run/router
776 silly ADD node_modules/scheduler
777 silly ADD node_modules/js-tokens
778 silly ADD node_modules/loose-envify
779 silly ADD node_modules/@swc/types
780 silly ADD node_modules/@swc/counter
781 silly ADD node_modules/@swc/core-win32-x64-msvc
782 silly ADD
783 silly ADD
784 silly ADD
785 silly ADD
786 silly ADD
787 silly ADD
788 silly ADD
789 silly ADD
790 silly ADD
791 silly ADD
792 silly ADD
793 silly ADD node_modules/@swc/core
794 silly ADD node_modules/@rolldown/pluginutils
795 silly ADD node_modules/csstype
796 silly ADD node_modules/@types/prop-types
797 silly ADD node_modules/typescript
798 silly ADD node_modules/react-router-dom
799 silly ADD node_modules/react-dom
800 silly ADD node_modules/react
801 silly ADD node_modules/vite
802 silly ADD node_modules/@vitejs/plugin-react-swc
803 silly ADD node_modules/@types/react-dom
804 silly ADD node_modules/@types/react
805 verbose cwd D:\Desktop\SE_task
806 verbose os Windows_NT 10.0.22621
807 verbose node v22.15.0
808 verbose npm  v10.9.2
809 verbose exit 0
810 info ok
